0 info it worked if it ends with ok
1 verbose cli [ '/home/jbarroso/.nvm/versions/node/v4.0.0/bin/node',
1 verbose cli   '/home/jbarroso/.nvm/versions/node/v4.0.0/bin/npm',
1 verbose cli   'run',
1 verbose cli   'tdd' ]
2 info using npm@2.14.2
3 info using node@v4.0.0
4 verbose run-script [ 'pretdd', 'tdd', 'posttdd' ]
5 info pretdd 01@1.0.0
6 info tdd 01@1.0.0
7 verbose unsafe-perm in lifecycle true
8 info 01@1.0.0 Failed to exec tdd script
9 verbose stack Error: 01@1.0.0 tdd: `jest --watchAll`
9 verbose stack Exit status 1
9 verbose stack     at EventEmitter.<anonymous> (/home/jbarroso/.nvm/versions/node/v4.0.0/lib/node_modules/npm/lib/utils/lifecycle.js:214:16)
9 verbose stack     at emitTwo (events.js:87:13)
9 verbose stack     at EventEmitter.emit (events.js:172:7)
9 verbose stack     at ChildProcess.<anonymous> (/home/jbarroso/.nvm/versions/node/v4.0.0/lib/node_modules/npm/lib/utils/spawn.js:24:14)
9 verbose stack     at emitTwo (events.js:87:13)
9 verbose stack     at ChildProcess.emit (events.js:172:7)
9 verbose stack     at maybeClose (internal/child_process.js:817:16)
9 verbose stack     at Process.ChildProcess._handle.onexit (internal/child_process.js:211:5)
10 verbose pkgid 01@1.0.0
11 verbose cwd /home/jbarroso/work/antevenio/curso-nodejs-antevenio/exercises/2-express/03
12 error Linux 4.9.0-5-amd64
13 error argv "/home/jbarroso/.nvm/versions/node/v4.0.0/bin/node" "/home/jbarroso/.nvm/versions/node/v4.0.0/bin/npm" "run" "tdd"
14 error node v4.0.0
15 error npm  v2.14.2
16 error code ELIFECYCLE
17 error 01@1.0.0 tdd: `jest --watchAll`
17 error Exit status 1
18 error Failed at the 01@1.0.0 tdd script 'jest --watchAll'.
18 error This is most likely a problem with the 01 package,
18 error not with npm itself.
18 error Tell the author that this fails on your system:
18 error     jest --watchAll
18 error You can get their info via:
18 error     npm owner ls 01
18 error There is likely additional logging output above.
19 verbose exit [ 1, true ]
